mode: set
lmzsoftware.com/lzuccarelli/golang-couchbase-analytics/pkg/validator/validate.go:12.59,16.27 4 1
lmzsoftware.com/lzuccarelli/golang-couchbase-analytics/pkg/validator/validate.go:24.2,24.12 1 1
lmzsoftware.com/lzuccarelli/golang-couchbase-analytics/pkg/validator/validate.go:16.27,17.15 1 1
lmzsoftware.com/lzuccarelli/golang-couchbase-analytics/pkg/validator/validate.go:22.3,22.69 1 1
lmzsoftware.com/lzuccarelli/golang-couchbase-analytics/pkg/validator/validate.go:17.15,20.4 2 1
lmzsoftware.com/lzuccarelli/golang-couchbase-analytics/pkg/validator/validate.go:29.50,41.23 2 1
lmzsoftware.com/lzuccarelli/golang-couchbase-analytics/pkg/validator/validate.go:46.2,46.12 1 1
lmzsoftware.com/lzuccarelli/golang-couchbase-analytics/pkg/validator/validate.go:41.23,42.54 1 1
lmzsoftware.com/lzuccarelli/golang-couchbase-analytics/pkg/validator/validate.go:42.54,44.4 1 1
lmzsoftware.com/lzuccarelli/golang-couchbase-analytics/pkg/handlers/handlers.go:20.90,35.16 5 1
lmzsoftware.com/lzuccarelli/golang-couchbase-analytics/pkg/handlers/handlers.go:43.2,44.16 2 1
lmzsoftware.com/lzuccarelli/golang-couchbase-analytics/pkg/handlers/handlers.go:52.2,56.27 5 1
lmzsoftware.com/lzuccarelli/golang-couchbase-analytics/pkg/handlers/handlers.go:35.16,41.3 5 1
lmzsoftware.com/lzuccarelli/golang-couchbase-analytics/pkg/handlers/handlers.go:44.16,50.3 5 1
lmzsoftware.com/lzuccarelli/golang-couchbase-analytics/pkg/handlers/handlers.go:59.54,61.2 1 1
lmzsoftware.com/lzuccarelli/golang-couchbase-analytics/pkg/handlers/handlers.go:64.57,70.2 4 1
lmzsoftware.com/lzuccarelli/golang-couchbase-analytics/pkg/handlers/handlers.go:72.88,76.17 3 1
lmzsoftware.com/lzuccarelli/golang-couchbase-analytics/pkg/handlers/handlers.go:84.2,84.36 1 1
lmzsoftware.com/lzuccarelli/golang-couchbase-analytics/pkg/handlers/handlers.go:88.2,88.18 1 1
lmzsoftware.com/lzuccarelli/golang-couchbase-analytics/pkg/handlers/handlers.go:76.17,78.36 2 1
lmzsoftware.com/lzuccarelli/golang-couchbase-analytics/pkg/handlers/handlers.go:78.36,82.4 3 1
lmzsoftware.com/lzuccarelli/golang-couchbase-analytics/pkg/handlers/handlers.go:84.36,86.3 1 1
